

<!DOCTYPE html>
<html>
<head>
<meta charset="UTF-8">
<meta name="viewport" content="width=device-width, initial-scale=1, shrink-to-fit=no">
<title>Extent Report</title>
<link rel="apple-touch-icon" href="https://cdn.jsdelivr.net/gh/extent-framework/extent-github-cdn@b00a2d0486596e73dd7326beacf352c639623a0e/commons/img/logo.png">
<link rel="shortcut icon" href="https://cdn.jsdelivr.net/gh/extent-framework/extent-github-cdn@b00a2d0486596e73dd7326beacf352c639623a0e/commons/img/logo.png">
<link href="https://cdn.jsdelivr.net/gh/extent-framework/extent-github-cdn@d6562a79075e061305ccfdb82f01e5e195e2d307/spark/css/spark-style.css" rel="stylesheet" />
<link href="https://stackpath.bootstrapcdn.com/font-awesome/4.7.0/css/font-awesome.min.css" rel="stylesheet">
<script src="https://cdn.jsdelivr.net/gh/extent-framework/extent-github-cdn@7cc78ce/spark/js/jsontree.js"></script>
<style type="text/css"></style></head><body class="spa bdd-report dark">
  <div class="app">
    <div class="layout">
<div class="header navbar">
<div class="vheader">
<div class="nav-logo">
<a href="#">
<div class="logo" style="background-image: url('https://cdn.jsdelivr.net/gh/extent-framework/extent-github-cdn@b00a2d0486596e73dd7326beacf352c639623a0e/commons/img/logo.png')"></div>
</a>
</div>
<ul class="nav-left">
<li class="search-box">
<a class="search-toggle" href="#">
<i class="search-icon fa fa-search"></i>
<i class="search-icon-close fa fa-close"></i>
</a>
</li>
<li class="search-input"><input id="search-tests" class="form-control" type="text" placeholder="Search..."></li>
</ul>
<ul class="nav-right">
<li class="m-r-10">
<a href="#"><span class="badge badge-primary">NopCommerce Report</span></a>
</li>
<li class="m-r-10">
<a href="#"><span class="badge badge-primary">Dec 17, 2023 06:24:55 pm</span></a>
</li>
</ul>
</div>
</div><div class="side-nav">
<div class="side-nav-inner">
<ul class="side-nav-menu">
<li class="nav-item dropdown" onclick="toggleView('dashboard-view')">
<a id="nav-dashboard" class="dropdown-toggle" href="#">
<span class="ico"><i class="fa fa-bar-chart"></i></span>
</a>
</li>
<li class="nav-item dropdown" onclick="toggleView('test-view')">
<a id="nav-test" class="dropdown-toggle" href="#">
<span class="ico"><i class="fa fa-list"></i></span>
</a>
</li>
<li class="nav-item dropdown" onclick="toggleView('category-view')">
<a id="nav-category" class="dropdown-toggle" href="#">
<span class="ico"><i class="fa fa-tag"></i></span>
</a>
</li>
<li class="nav-item dropdown" onclick="toggleView('exception-view')">
<a id="nav-exception" class="dropdown-toggle" href="#">
<span class="ico"><i class="fa fa-bug"></i></span>
</a>
</li>
</ul>
</div>
</div>      <div class="vcontainer">
        <div class="main-content">
<div class="container-fluid p-4 view dashboard-view">
<div class="row">
<div class="col-md-3">
<div class="card"><div class="card-body">
<p class="m-b-0">Started</p>
<h3>Dec 17, 2023 06:24:55 pm</h3>
</div></div>
</div>
<div class="col-md-3">
<div class="card"><div class="card-body">
<p class="m-b-0">Ended</p>
<h3>Dec 17, 2023 06:26:45 pm</h3>
</div></div>
</div>
<div class="col-md-3">
<div class="card"><div class="card-body">
<p class="m-b-0 text-pass">Features Passed</p>
<h3>1</h3>
</div></div>
</div>
<div class="col-md-3">
<div class="card"><div class="card-body">
<p class="m-b-0 text-fail">Features Failed</p>
<h3>2</h3>
</div></div>
</div>
</div>
<div class="row">
<div class="col-md-4">
<div class="card">
<div class="card-header">
<h6 class="card-title">Features</h6>
</div>
<div class="card-body">
<div class="">
<canvas id='parent-analysis' width='115' height='90'></canvas>
</div>
</div>
<div class="card-footer">
<div><small data-tooltip='33%'>
<b>1</b> features passed
</small>
</div>
<div>
<small data-tooltip='66%'><b>2</b> features failed,
<b>0</b> skipped, <b data-tooltip='0%'>0</b> others
</small>
</div>
</div>
</div>
</div>
<div class="col-md-4">
<div class="card">
<div class="card-header">
<h6 class="card-title">Scenarios</h6>
</div>
<div class="card-body">
<div class="">
<canvas id='child-analysis' width='115' height='90'></canvas>
</div>
</div>
<div class="card-footer">
<div><small data-tooltip='41%'><b>5</b> scenarios passed</small></div>
<div>
<small data-tooltip='58%'><b>7</b> scenarios failed,
<b>0</b> skipped, <b data-tooltip='%'>0</b> others
</small>
</div>
</div>
</div>
</div>
<div class="col-md-4">
<div class="card">
<div class="card-header">
<h6 class="card-title">Steps</h6>
</div>
<div class="card-body">
<div class="">
<canvas id='grandchild-analysis' width='115' height='90'></canvas>
</div>
</div>
<div class="card-footer">
<div><small data-tooltip='63%'><b>65</b> steps passed</small></div>
<div>
<small data-tooltip='10%'><b>11</b> steps failed,
<b>27</b> skipped, <b data-tooltip='%'>0</b> others
</small>
</div>
</div>
</div>
</div>
</div>
<div class="row"><div class="col-md-12">
<div class="card"><div class="card-header"><p>Timeline</p></div>
<div class="card-body pt-0"><div>
<canvas id="timeline" height="120"></canvas>
</div></div>
</div>
</div></div>
<script>
var timeline = {
"Computer Page Test":84.578,"Login Page Test":15.379,"Register Page Test":9.502
};
</script>
<div class="row">
<div class="col-lg-6 col-md-12 category-container">
<div class="card">
<div class="card-header"><p>Tags</p></div>
<div class="card-body pb-0 pt-0"><table class="table table-sm table-bordered">
<thead><tr class="bg-gray"><th>Name</th><th>Passed</th><th>Failed</th><th>Skipped</th><th>Others</th><th>Passed %</th></tr></thead><tbody>
<tr>
<td>@Smoke</td>
<td>4</td>
<td>2</td>
<td>0</td>
<td>0</td>
<td>66.667%</td>
</tr>
<tr>
<td>@Asha</td>
<td>5</td>
<td>7</td>
<td>0</td>
<td>0</td>
<td>41.667%</td>
</tr>
<tr>
<td>@Sanity</td>
<td>2</td>
<td>1</td>
<td>0</td>
<td>0</td>
<td>66.667%</td>
</tr>
<tr>
<td>@Regression</td>
<td>5</td>
<td>7</td>
<td>0</td>
<td>0</td>
<td>41.667%</td>
</tr>
</tbody>
</table></div>
</div>
</div>
<div class="col-lg-6 col-md-12 sysenv-container">
<div class="card">
<div class="card-header"><p>System/Environment</p></div>
<div class="card-body pb-0 pt-0"><table class="table table-sm table-bordered">
<thead><tr class="bg-gray"><th>Name</th><th>Value</th></tr></thead>
<tbody>
<tr>
<td>Engineer</td>
<td>Jay Vaghani</td>
</tr>
<tr>
<td>Project</td>
<td>Nop commerce</td>
</tr>
<tr>
<td>os</td>
<td>Windows</td>
</tr>
</tbody>
</table></div>
</div>
</div>
</div>
</div>
<script>
var statusGroup = {
parentCount: 5,
passParent: 1,
failParent: 2,
warningParent: 0,
skipParent: 0,
childCount: 5,
passChild: 5,
failChild: 7,
warningChild: 0,
skipChild: 0,
infoChild: 0,
grandChildCount: 5,
passGrandChild: 65,
failGrandChild: 11,
warningGrandChild: 0,
skipGrandChild: 27,
infoGrandChild: 0,
eventsCount: 5,
};
</script><div class="test-wrapper row view test-view">
  <div class="test-list">
    <div class="test-list-tools">
<ul class="tools pull-left">
<li><a href="#"><span class="font-size-14">Tests</span></a></li>
</ul>
<ul class="tools text-right">
<li class="dropdown">
<a href="#" class="dropdown-toggle" data-toggle="dropdown"><i class="fa fa-exclamation-circle"></i></a>
<ul id="status-toggle" class="dropdown-menu dropdown-md p-v-0">
<a class="dropdown-item" status="pass" href="#"><span>Pass</span><span class="status success"></span></a>
<a class="dropdown-item" status="fail" href="#"><span>Fail</span><span class="status danger"></span></a>
<div class="dropdown-divider"></div>
<a status="clear" class="dropdown-item" href="#"><span>Clear</span><span class="pull-right"><i class="fa fa-close"></i></span></a>
</ul>
</li>
<li class="dropdown">
<a href="#" class="dropdown-toggle" data-toggle="dropdown"><i class="fa fa-tag"></i></a>
<ul id="tag-toggle" class="dropdown-menu dropdown-md p-v-0">
<a class="dropdown-item" href="#">@Smoke</a><a class="dropdown-item" href="#">@Asha</a><a class="dropdown-item" href="#">@Sanity</a><a class="dropdown-item" href="#">@Regression</a>
</ul>
</li>
</ul>
</div>    <div class="test-list-wrapper scrollable">
      <ul class="test-list-item">
        <li class="test-item"  status="fail" test-id="1"
          author=""
          tag=""
          device="">
          <div class="test-detail">
            <p class="name">Computer Page Test</p>
            <p class="text-sm">
              <span>18:24:56</span> / <span>00:01:24:578</span>
              <span class="badge fail-bg log float-right">Fail</span>
            </p>
          </div>
          <div class="test-contents d-none">
<div class="detail-head">
<div class="p-v-10">
<div class="info">
<h5 class="test-status text-fail">Computer Page Test</h5>
<span class='badge badge-success'>12.17.2023 18:24:56</span>
<span class='badge badge-danger'>12.17.2023 18:26:20</span>
<span class='badge badge-default'>00:01:24:578</span>
&middot; <span class='uri-anchor badge badge-default'>#test-id=1</span>
<span class='badge badge-default pointer float-right ml-1 et'><i class="fa fa-chevron-down"></i></span>
<span class='badge badge-default pointer float-right ct'><i class="fa fa-chevron-up"></i></span>
</div>
<div class="m-t-10 m-l-5"> As a User I should able to buy computer successfully</div>
</div>
</div>
<div class="accordion mt-4">
  <div class="card">
    <div class="card-header" role="tab">
      <div class="card-title">
        <div class="node" id="2"><span class="badge log fail-bg mr-2">Fail</span>Verify User Should Navigate To Computer Page Successfully</div>
          <div class="status-avatar float-right mr-4">
            <i class="fa fa-paperclip"></i>
          </div>
      </div>
    </div>
        <div class="">
          <div class="card-body">
              <div class="step pass-bg" title="com.nopcommerce.demo.steps.HomepageSteps.userIsOnHomepage()">
                <span>Given User is on Homepage</span>
      <div>
      </div>
              </div>
              <div class="step pass-bg" title="com.nopcommerce.demo.steps.HomepageSteps.userClickOnComputerLink()">
                <span>When User click on computer link</span>
      <div>
      </div>
              </div>
              <div class="step pass-bg" title="com.nopcommerce.demo.steps.ComputerPageSteps.userNavigateToTheComputerPage()">
                <span>Then User navigate to the computer page</span>
      <div>
      </div>
              </div>
              <div class="step fail-bg" title="com.nopcommerce.demo.steps.ComputerPageSteps.userVerifyTheComputerText(java.lang.String)">
                <span>And User Verify The Computer text "Computers"</span>
      <div>
        <textarea disabled class="code-block">org.openqa.selenium.NoSuchElementException: no such element: Unable to locate element: {"method":"xpath","selector":"(//h1[normalize-space()='Computers'])[1]"}
  (Session info: chrome=120.0.6099.109)
For documentation on this error, please visit: https://www.selenium.dev/documentation/webdriver/troubleshooting/errors#no-such-element-exception
Build info: version: '4.15.0', revision: '1d14b5521b'
System info: os.name: 'Windows 11', os.arch: 'amd64', os.version: '10.0', java.version: '17.0.8'
Driver info: org.openqa.selenium.chrome.ChromeDriver
Command: [038afeabf4a4021fdef03d85fb1041d1, findElement {using=xpath, value=(//h1[normalize-space()='Computers'])[1]}]
Capabilities {acceptInsecureCerts: false, browserName: chrome, browserVersion: 120.0.6099.109, chrome: {chromedriverVersion: 120.0.6099.71 (9729082fe617..., userDataDir: C:\Users\kakad\AppData\Loca...}, fedcm:accounts: true, goog:chromeOptions: {debuggerAddress: localhost:62835}, networkConnectionEnabled: false, pageLoadStrategy: normal, platformName: windows, proxy: Proxy(), se:cdp: ws://localhost:62835/devtoo..., se:cdpVersion: 120.0.6099.109, setWindowRect: true, strictFileInteractability: false, timeouts: {implicit: 0, pageLoad: 300000, script: 30000}, unhandledPromptBehavior: dismiss and notify, webauthn:extension:credBlob: true, webauthn:extension:largeBlob: true, webauthn:extension:minPinLength: true, webauthn:extension:prf: true, webauthn:virtualAuthenticators: true}
Session ID: 038afeabf4a4021fdef03d85fb1041d1
	at java.base/jdk.internal.reflect.NativeConstructorAccessorImpl.newInstance0(Native Method)
	at java.base/jdk.internal.reflect.NativeConstructorAccessorImpl.newInstance(NativeConstructorAccessorImpl.java:77)
	at java.base/jdk.internal.reflect.DelegatingConstructorAccessorImpl.newInstance(DelegatingConstructorAccessorImpl.java:45)
	at java.base/java.lang.reflect.Constructor.newInstanceWithCaller(Constructor.java:499)
	at java.base/java.lang.reflect.Constructor.newInstance(Constructor.java:480)
	at org.openqa.selenium.remote.codec.w3c.W3CHttpResponseCodec.createException(W3CHttpResponseCodec.java:200)
	at org.openqa.selenium.remote.codec.w3c.W3CHttpResponseCodec.decode(W3CHttpResponseCodec.java:133)
	at org.openqa.selenium.remote.codec.w3c.W3CHttpResponseCodec.decode(W3CHttpResponseCodec.java:52)
	at org.openqa.selenium.remote.HttpCommandExecutor.execute(HttpCommandExecutor.java:191)
	at org.openqa.selenium.remote.service.DriverCommandExecutor.invokeExecute(DriverCommandExecutor.java:200)
	at org.openqa.selenium.remote.service.DriverCommandExecutor.execute(DriverCommandExecutor.java:175)
	at org.openqa.selenium.remote.RemoteWebDriver.execute(RemoteWebDriver.java:607)
	at org.openqa.selenium.remote.ElementLocation$ElementFinder$2.findElement(ElementLocation.java:165)
	at org.openqa.selenium.remote.ElementLocation.findElement(ElementLocation.java:59)
	at org.openqa.selenium.remote.RemoteWebDriver.findElement(RemoteWebDriver.java:364)
	at org.openqa.selenium.remote.RemoteWebDriver.findElement(RemoteWebDriver.java:358)
	at org.openqa.selenium.support.pagefactory.DefaultElementLocator.findElement(DefaultElementLocator.java:68)
	at org.openqa.selenium.support.pagefactory.internal.LocatingElementHandler.invoke(LocatingElementHandler.java:38)
	at jdk.proxy2/jdk.proxy2.$Proxy29.getText(Unknown Source)
	at com.nopcommerce.demo.utility.Utility.getTextFromElement(Utility.java:63)
	at com.nopcommerce.demo.pages.ComputerPage.verifyComputerText(ComputerPage.java:36)
	at com.nopcommerce.demo.steps.ComputerPageSteps.userVerifyTheComputerText(ComputerPageSteps.java:16)
	at ✽.User Verify The Computer text "Computers"(file:///C:/Users/kakad/IdeaProjects/nop-commerce-demo-sw-6/src/test/resources/features/ComputerPage.feature:12)
</textarea>
      
      </div>
              </div>
              <div class="step pass-bg" title="AFTER">
                <span>com.nopcommerce.demo.steps.Hooks.tearDown(io.cucumber.java.Scenario)</span>
      <div>Verify User Should Navigate To Computer Page Successfully
          <div class="row mb-3"><div class="col-md-3">
<img data-featherlight='../screenshots/embedded1.png' src="../screenshots/embedded1.png">
    
    </div></div>
</div>
      <div>
      </div>
              </div>
          </div>
        </div>
  </div>
  <div class="card">
    <div class="card-header" role="tab">
      <div class="card-title">
        <div class="node" id="9"><span class="badge log fail-bg mr-2">Fail</span>Verify User Should Navigate To Desktops Page Successfully</div>
          <div class="status-avatar float-right mr-4">
            <i class="fa fa-paperclip"></i>
          </div>
      </div>
    </div>
        <div class="">
          <div class="card-body">
              <div class="step pass-bg" title="com.nopcommerce.demo.steps.HomepageSteps.userIsOnHomepage()">
                <span>Given User is on Homepage</span>
      <div>
      </div>
              </div>
              <div class="step pass-bg" title="com.nopcommerce.demo.steps.HomepageSteps.userClickOnComputerLink()">
                <span>When User click on computer link</span>
      <div>
      </div>
              </div>
              <div class="step fail-bg" title="com.nopcommerce.demo.steps.ComputerPageSteps.userClickOnDesktopsLink()">
                <span>And User click on Desktops link</span>
      <div>
        <textarea disabled class="code-block">org.openqa.selenium.NoSuchElementException: no such element: Unable to locate element: {"method":"xpath","selector":"//img[@title='Show products in category Desktops']"}
  (Session info: chrome=120.0.6099.109)
For documentation on this error, please visit: https://www.selenium.dev/documentation/webdriver/troubleshooting/errors#no-such-element-exception
Build info: version: '4.15.0', revision: '1d14b5521b'
System info: os.name: 'Windows 11', os.arch: 'amd64', os.version: '10.0', java.version: '17.0.8'
Driver info: org.openqa.selenium.chrome.ChromeDriver
Command: [22e57b8fb0c0c389a0a10b228ced69ed, findElement {using=xpath, value=//img[@title='Show products in category Desktops']}]
Capabilities {acceptInsecureCerts: false, browserName: chrome, browserVersion: 120.0.6099.109, chrome: {chromedriverVersion: 120.0.6099.71 (9729082fe617..., userDataDir: C:\Users\kakad\AppData\Loca...}, fedcm:accounts: true, goog:chromeOptions: {debuggerAddress: localhost:62865}, networkConnectionEnabled: false, pageLoadStrategy: normal, platformName: windows, proxy: Proxy(), se:cdp: ws://localhost:62865/devtoo..., se:cdpVersion: 120.0.6099.109, setWindowRect: true, strictFileInteractability: false, timeouts: {implicit: 0, pageLoad: 300000, script: 30000}, unhandledPromptBehavior: dismiss and notify, webauthn:extension:credBlob: true, webauthn:extension:largeBlob: true, webauthn:extension:minPinLength: true, webauthn:extension:prf: true, webauthn:virtualAuthenticators: true}
Session ID: 22e57b8fb0c0c389a0a10b228ced69ed
	at java.base/jdk.internal.reflect.NativeConstructorAccessorImpl.newInstance0(Native Method)
	at java.base/jdk.internal.reflect.NativeConstructorAccessorImpl.newInstance(NativeConstructorAccessorImpl.java:77)
	at java.base/jdk.internal.reflect.DelegatingConstructorAccessorImpl.newInstance(DelegatingConstructorAccessorImpl.java:45)
	at java.base/java.lang.reflect.Constructor.newInstanceWithCaller(Constructor.java:499)
	at java.base/java.lang.reflect.Constructor.newInstance(Constructor.java:480)
	at org.openqa.selenium.remote.codec.w3c.W3CHttpResponseCodec.createException(W3CHttpResponseCodec.java:200)
	at org.openqa.selenium.remote.codec.w3c.W3CHttpResponseCodec.decode(W3CHttpResponseCodec.java:133)
	at org.openqa.selenium.remote.codec.w3c.W3CHttpResponseCodec.decode(W3CHttpResponseCodec.java:52)
	at org.openqa.selenium.remote.HttpCommandExecutor.execute(HttpCommandExecutor.java:191)
	at org.openqa.selenium.remote.service.DriverCommandExecutor.invokeExecute(DriverCommandExecutor.java:200)
	at org.openqa.selenium.remote.service.DriverCommandExecutor.execute(DriverCommandExecutor.java:175)
	at org.openqa.selenium.remote.RemoteWebDriver.execute(RemoteWebDriver.java:607)
	at org.openqa.selenium.remote.ElementLocation$ElementFinder$2.findElement(ElementLocation.java:165)
	at org.openqa.selenium.remote.ElementLocation.findElement(ElementLocation.java:59)
	at org.openqa.selenium.remote.RemoteWebDriver.findElement(RemoteWebDriver.java:364)
	at org.openqa.selenium.remote.RemoteWebDriver.findElement(RemoteWebDriver.java:358)
	at org.openqa.selenium.support.pagefactory.DefaultElementLocator.findElement(DefaultElementLocator.java:68)
	at org.openqa.selenium.support.pagefactory.internal.LocatingElementHandler.invoke(LocatingElementHandler.java:38)
	at jdk.proxy2/jdk.proxy2.$Proxy29.click(Unknown Source)
	at com.nopcommerce.demo.utility.Utility.clickOnElement(Utility.java:51)
	at com.nopcommerce.demo.pages.ComputerPage.clickOnDesktopLink(ComputerPage.java:41)
	at com.nopcommerce.demo.steps.ComputerPageSteps.userClickOnDesktopsLink(ComputerPageSteps.java:21)
	at ✽.User click on Desktops link(file:///C:/Users/kakad/IdeaProjects/nop-commerce-demo-sw-6/src/test/resources/features/ComputerPage.feature:21)
</textarea>
      
      </div>
              </div>
              <div class="step skip-bg" title="com.nopcommerce.demo.steps.DesktopsPageTest.userNavigateToTheDesktopsPage()">
                <span>Then User navigate to the Desktops page</span>
      <div>Step skipped
      </div>
              </div>
              <div class="step skip-bg" title="com.nopcommerce.demo.steps.DesktopsPageTest.userVerifyTheDesktopsText(java.lang.String)">
                <span>And User Verify The Desktops text "Desktops"</span>
      <div>Step skipped
      </div>
              </div>
              <div class="step pass-bg" title="AFTER">
                <span>com.nopcommerce.demo.steps.Hooks.tearDown(io.cucumber.java.Scenario)</span>
      <div>Verify User Should Navigate To Desktops Page Successfully
          <div class="row mb-3"><div class="col-md-3">
<img data-featherlight='../screenshots/embedded2.png' src="../screenshots/embedded2.png">
    
    </div></div>
</div>
      <div>
      </div>
              </div>
          </div>
        </div>
  </div>
  <div class="card">
    <div class="card-header" role="tab">
      <div class="card-title">
        <div class="node" id="17"><span class="badge log fail-bg mr-2">Fail</span>Verify That User Should Build YouOwn Computer And Add Them To Cart Successfully</div>
          <div class="status-avatar float-right mr-4">
            <i class="fa fa-paperclip"></i>
          </div>
      </div>
    </div>
        <div class="scenario_outline ">
            <div class="card-body l1">
              <div class="card-header">
                <div class="card-title outline-child">
                  <div class="node" id="18"><span class="badge log fail-bg mr-2">Fail</span>Verify That User Should Build YouOwn Computer And Add Them To Cart Successfully</div>
                    <div class="status-avatar float-right">
                      <i class="fa fa-paperclip"></i>
                    </div>
                </div>
              </div>
              <div class="card-body mt-3 ">
                  <div class="step pass-bg">
                    <span>Given User is on Homepage</span>
      <div>
      </div>
                  </div>
                  <div class="step pass-bg">
                    <span>When User click on computer link</span>
      <div>
      </div>
                  </div>
                  <div class="step fail-bg">
                    <span>And User click on Desktops link</span>
      <div>
        <textarea disabled class="code-block">org.openqa.selenium.NoSuchElementException: no such element: Unable to locate element: {"method":"xpath","selector":"//img[@title='Show products in category Desktops']"}
  (Session info: chrome=120.0.6099.109)
For documentation on this error, please visit: https://www.selenium.dev/documentation/webdriver/troubleshooting/errors#no-such-element-exception
Build info: version: '4.15.0', revision: '1d14b5521b'
System info: os.name: 'Windows 11', os.arch: 'amd64', os.version: '10.0', java.version: '17.0.8'
Driver info: org.openqa.selenium.chrome.ChromeDriver
Command: [e4fff3a906530caf53c333da632872fc, findElement {using=xpath, value=//img[@title='Show products in category Desktops']}]
Capabilities {acceptInsecureCerts: false, browserName: chrome, browserVersion: 120.0.6099.109, chrome: {chromedriverVersion: 120.0.6099.71 (9729082fe617..., userDataDir: C:\Users\kakad\AppData\Loca...}, fedcm:accounts: true, goog:chromeOptions: {debuggerAddress: localhost:62906}, networkConnectionEnabled: false, pageLoadStrategy: normal, platformName: windows, proxy: Proxy(), se:cdp: ws://localhost:62906/devtoo..., se:cdpVersion: 120.0.6099.109, setWindowRect: true, strictFileInteractability: false, timeouts: {implicit: 0, pageLoad: 300000, script: 30000}, unhandledPromptBehavior: dismiss and notify, webauthn:extension:credBlob: true, webauthn:extension:largeBlob: true, webauthn:extension:minPinLength: true, webauthn:extension:prf: true, webauthn:virtualAuthenticators: true}
Session ID: e4fff3a906530caf53c333da632872fc
	at java.base/jdk.internal.reflect.NativeConstructorAccessorImpl.newInstance0(Native Method)
	at java.base/jdk.internal.reflect.NativeConstructorAccessorImpl.newInstance(NativeConstructorAccessorImpl.java:77)
	at java.base/jdk.internal.reflect.DelegatingConstructorAccessorImpl.newInstance(DelegatingConstructorAccessorImpl.java:45)
	at java.base/java.lang.reflect.Constructor.newInstanceWithCaller(Constructor.java:499)
	at java.base/java.lang.reflect.Constructor.newInstance(Constructor.java:480)
	at org.openqa.selenium.remote.codec.w3c.W3CHttpResponseCodec.createException(W3CHttpResponseCodec.java:200)
	at org.openqa.selenium.remote.codec.w3c.W3CHttpResponseCodec.decode(W3CHttpResponseCodec.java:133)
	at org.openqa.selenium.remote.codec.w3c.W3CHttpResponseCodec.decode(W3CHttpResponseCodec.java:52)
	at org.openqa.selenium.remote.HttpCommandExecutor.execute(HttpCommandExecutor.java:191)
	at org.openqa.selenium.remote.service.DriverCommandExecutor.invokeExecute(DriverCommandExecutor.java:200)
	at org.openqa.selenium.remote.service.DriverCommandExecutor.execute(DriverCommandExecutor.java:175)
	at org.openqa.selenium.remote.RemoteWebDriver.execute(RemoteWebDriver.java:607)
	at org.openqa.selenium.remote.ElementLocation$ElementFinder$2.findElement(ElementLocation.java:165)
	at org.openqa.selenium.remote.ElementLocation.findElement(ElementLocation.java:59)
	at org.openqa.selenium.remote.RemoteWebDriver.findElement(RemoteWebDriver.java:364)
	at org.openqa.selenium.remote.RemoteWebDriver.findElement(RemoteWebDriver.java:358)
	at org.openqa.selenium.support.pagefactory.DefaultElementLocator.findElement(DefaultElementLocator.java:68)
	at org.openqa.selenium.support.pagefactory.internal.LocatingElementHandler.invoke(LocatingElementHandler.java:38)
	at jdk.proxy2/jdk.proxy2.$Proxy29.click(Unknown Source)
	at com.nopcommerce.demo.utility.Utility.clickOnElement(Utility.java:51)
	at com.nopcommerce.demo.pages.ComputerPage.clickOnDesktopLink(ComputerPage.java:41)
	at com.nopcommerce.demo.steps.ComputerPageSteps.userClickOnDesktopsLink(ComputerPageSteps.java:21)
	at ✽.User click on Desktops link(file:///C:/Users/kakad/IdeaProjects/nop-commerce-demo-sw-6/src/test/resources/features/ComputerPage.feature:39)
</textarea>
      
      </div>
                  </div>
                  <div class="step skip-bg">
                    <span>And User click on product name "Build your own computer"</span>
      <div>Step skipped
      </div>
                  </div>
                  <div class="step skip-bg">
                    <span>And User select processor "2.2 GHz Intel Pentium Dual-Core E2200"</span>
      <div>Step skipped
      </div>
                  </div>
                  <div class="step skip-bg">
                    <span>And User select RAM "2 GB"</span>
      <div>Step skipped
      </div>
                  </div>
                  <div class="step skip-bg">
                    <span>And User select HDD "320 GB"</span>
      <div>Step skipped
      </div>
                  </div>
                  <div class="step skip-bg">
                    <span>And User select Os "Vista Home [+$50.00]"</span>
      <div>Step skipped
      </div>
                  </div>
                  <div class="step skip-bg">
                    <span>And User select software "Microsoft Office [+$50.00]"</span>
      <div>Step skipped
      </div>
                  </div>
                  <div class="step skip-bg">
                    <span>And User click on Add to cart button</span>
      <div>Step skipped
      </div>
                  </div>
                  <div class="step skip-bg">
                    <span>Then User verify message the "The product has been added to your shopping cart"</span>
      <div>Step skipped
      </div>
                  </div>
                  <div class="step pass-bg">
                    <span>com.nopcommerce.demo.steps.Hooks.tearDown(io.cucumber.java.Scenario)</span>
      <div>Verify That User Should Build YouOwn Computer And Add Them To Cart Successfully
          <div class="row mb-3"><div class="col-md-3">
<img data-featherlight='../screenshots/embedded3.png' src="../screenshots/embedded3.png">
    
    </div></div>
</div>
      <div>
      </div>
                  </div>
              </div>
            </div>
            <div class="card-body l1">
              <div class="card-header">
                <div class="card-title outline-child">
                  <div class="node" id="32"><span class="badge log fail-bg mr-2">Fail</span>Verify That User Should Build YouOwn Computer And Add Them To Cart Successfully</div>
                </div>
              </div>
              <div class="card-body mt-3 ">
                  <div class="step pass-bg">
                    <span>Given User is on Homepage</span>
      <div>
      </div>
                  </div>
                  <div class="step pass-bg">
                    <span>When User click on computer link</span>
      <div>
      </div>
                  </div>
                  <div class="step fail-bg">
                    <span>And User click on Desktops link</span>
      <div>
        <textarea disabled class="code-block">org.openqa.selenium.NoSuchElementException: Unable to find element with locator By.xpath: //img[@title='Show products in category Desktops']
For documentation on this error, please visit: https://www.selenium.dev/documentation/webdriver/troubleshooting/errors#no-such-element-exception
Build info: version: '4.15.0', revision: '1d14b5521b'
System info: os.name: 'Windows 11', os.arch: 'amd64', os.version: '10.0', java.version: '17.0.8'
Driver info: driver.version: RemoteWebDriver
	at org.openqa.selenium.remote.ElementLocation$ElementFinder$2.findElement(ElementLocation.java:168)
	at org.openqa.selenium.remote.ElementLocation.findElement(ElementLocation.java:59)
	at org.openqa.selenium.remote.RemoteWebDriver.findElement(RemoteWebDriver.java:364)
	at org.openqa.selenium.remote.RemoteWebDriver.findElement(RemoteWebDriver.java:358)
	at org.openqa.selenium.support.pagefactory.DefaultElementLocator.findElement(DefaultElementLocator.java:68)
	at org.openqa.selenium.support.pagefactory.internal.LocatingElementHandler.invoke(LocatingElementHandler.java:38)
	at jdk.proxy2/jdk.proxy2.$Proxy29.click(Unknown Source)
	at com.nopcommerce.demo.utility.Utility.clickOnElement(Utility.java:51)
	at com.nopcommerce.demo.pages.ComputerPage.clickOnDesktopLink(ComputerPage.java:41)
	at com.nopcommerce.demo.steps.ComputerPageSteps.userClickOnDesktopsLink(ComputerPageSteps.java:21)
	at ✽.User click on Desktops link(file:///C:/Users/kakad/IdeaProjects/nop-commerce-demo-sw-6/src/test/resources/features/ComputerPage.feature:39)
</textarea>
      
      </div>
                  </div>
                  <div class="step skip-bg">
                    <span>And User click on product name "Build your own computer"</span>
      <div>Step skipped
      </div>
                  </div>
                  <div class="step skip-bg">
                    <span>And User select processor "2.5 GHz Intel Pentium Dual-Core E2200 [+$15.00]"</span>
      <div>Step skipped
      </div>
                  </div>
                  <div class="step skip-bg">
                    <span>And User select RAM "4GB [+$20.00]"</span>
      <div>Step skipped
      </div>
                  </div>
                  <div class="step skip-bg">
                    <span>And User select HDD "400 GB [+$100.00]"</span>
      <div>Step skipped
      </div>
                  </div>
                  <div class="step skip-bg">
                    <span>And User select Os "Vista Premium [+$60.00]"</span>
      <div>Step skipped
      </div>
                  </div>
                  <div class="step skip-bg">
                    <span>And User select software "Acrobat Reader [+$10.00]"</span>
      <div>Step skipped
      </div>
                  </div>
                  <div class="step skip-bg">
                    <span>And User click on Add to cart button</span>
      <div>Step skipped
      </div>
                  </div>
                  <div class="step skip-bg">
                    <span>Then User verify message the "The product has been added to your shopping cart"</span>
      <div>Step skipped
      </div>
                  </div>
                  <div class="step fail-bg">
                    <span>com.nopcommerce.demo.steps.Hooks.tearDown(io.cucumber.java.Scenario)</span>
      <div>
        <textarea disabled class="code-block">org.openqa.selenium.NoSuchWindowException: no such window: target window already closed
from unknown error: web view not found
  (Session info: chrome=120.0.6099.109)
Build info: version: '4.15.0', revision: '1d14b5521b'
System info: os.name: 'Windows 11', os.arch: 'amd64', os.version: '10.0', java.version: '17.0.8'
Driver info: org.openqa.selenium.chrome.ChromeDriver
Command: [6e49014376a151aaa582c8542248c2a2, screenshot {}]
Capabilities {acceptInsecureCerts: false, browserName: chrome, browserVersion: 120.0.6099.109, chrome: {chromedriverVersion: 120.0.6099.71 (9729082fe617..., userDataDir: C:\Users\kakad\AppData\Loca...}, fedcm:accounts: true, goog:chromeOptions: {debuggerAddress: localhost:62936}, networkConnectionEnabled: false, pageLoadStrategy: normal, platformName: windows, proxy: Proxy(), se:cdp: ws://localhost:62936/devtoo..., se:cdpVersion: 120.0.6099.109, setWindowRect: true, strictFileInteractability: false, timeouts: {implicit: 0, pageLoad: 300000, script: 30000}, unhandledPromptBehavior: dismiss and notify, webauthn:extension:credBlob: true, webauthn:extension:largeBlob: true, webauthn:extension:minPinLength: true, webauthn:extension:prf: true, webauthn:virtualAuthenticators: true}
Session ID: 6e49014376a151aaa582c8542248c2a2
	at java.base/jdk.internal.reflect.NativeConstructorAccessorImpl.newInstance0(Native Method)
	at java.base/jdk.internal.reflect.NativeConstructorAccessorImpl.newInstance(NativeConstructorAccessorImpl.java:77)
	at java.base/jdk.internal.reflect.DelegatingConstructorAccessorImpl.newInstance(DelegatingConstructorAccessorImpl.java:45)
	at java.base/java.lang.reflect.Constructor.newInstanceWithCaller(Constructor.java:499)
	at java.base/java.lang.reflect.Constructor.newInstance(Constructor.java:480)
	at org.openqa.selenium.remote.codec.w3c.W3CHttpResponseCodec.createException(W3CHttpResponseCodec.java:200)
	at org.openqa.selenium.remote.codec.w3c.W3CHttpResponseCodec.decode(W3CHttpResponseCodec.java:133)
	at org.openqa.selenium.remote.codec.w3c.W3CHttpResponseCodec.decode(W3CHttpResponseCodec.java:52)
	at org.openqa.selenium.remote.HttpCommandExecutor.execute(HttpCommandExecutor.java:191)
	at org.openqa.selenium.remote.service.DriverCommandExecutor.invokeExecute(DriverCommandExecutor.java:200)
	at org.openqa.selenium.remote.service.DriverCommandExecutor.execute(DriverCommandExecutor.java:175)
	at org.openqa.selenium.remote.RemoteWebDriver.execute(RemoteWebDriver.java:607)
	at org.openqa.selenium.remote.RemoteWebDriver.execute(RemoteWebDriver.java:680)
	at org.openqa.selenium.remote.RemoteWebDriver.execute(RemoteWebDriver.java:684)
	at org.openqa.selenium.remote.RemoteWebDriver.getScreenshotAs(RemoteWebDriver.java:330)
	at com.nopcommerce.demo.utility.Utility.getScreenShot(Utility.java:473)
	at com.nopcommerce.demo.steps.Hooks.tearDown(Hooks.java:19)
</textarea>
      
      </div>
                  </div>
              </div>
            </div>
            <div class="card-body l1">
              <div class="card-header">
                <div class="card-title outline-child">
                  <div class="node" id="46"><span class="badge log fail-bg mr-2">Fail</span>Verify That User Should Build YouOwn Computer And Add Them To Cart Successfully</div>
                </div>
              </div>
              <div class="card-body mt-3 ">
                  <div class="step pass-bg">
                    <span>Given User is on Homepage</span>
      <div>
      </div>
                  </div>
                  <div class="step pass-bg">
                    <span>When User click on computer link</span>
      <div>
      </div>
                  </div>
                  <div class="step fail-bg">
                    <span>And User click on Desktops link</span>
      <div>
        <textarea disabled class="code-block">org.openqa.selenium.NoSuchElementException: Unable to find element with locator By.xpath: //img[@title='Show products in category Desktops']
For documentation on this error, please visit: https://www.selenium.dev/documentation/webdriver/troubleshooting/errors#no-such-element-exception
Build info: version: '4.15.0', revision: '1d14b5521b'
System info: os.name: 'Windows 11', os.arch: 'amd64', os.version: '10.0', java.version: '17.0.8'
Driver info: driver.version: RemoteWebDriver
	at org.openqa.selenium.remote.ElementLocation$ElementFinder$2.findElement(ElementLocation.java:168)
	at org.openqa.selenium.remote.ElementLocation.findElement(ElementLocation.java:59)
	at org.openqa.selenium.remote.RemoteWebDriver.findElement(RemoteWebDriver.java:364)
	at org.openqa.selenium.remote.RemoteWebDriver.findElement(RemoteWebDriver.java:358)
	at org.openqa.selenium.support.pagefactory.DefaultElementLocator.findElement(DefaultElementLocator.java:68)
	at org.openqa.selenium.support.pagefactory.internal.LocatingElementHandler.invoke(LocatingElementHandler.java:38)
	at jdk.proxy2/jdk.proxy2.$Proxy29.click(Unknown Source)
	at com.nopcommerce.demo.utility.Utility.clickOnElement(Utility.java:51)
	at com.nopcommerce.demo.pages.ComputerPage.clickOnDesktopLink(ComputerPage.java:41)
	at com.nopcommerce.demo.steps.ComputerPageSteps.userClickOnDesktopsLink(ComputerPageSteps.java:21)
	at ✽.User click on Desktops link(file:///C:/Users/kakad/IdeaProjects/nop-commerce-demo-sw-6/src/test/resources/features/ComputerPage.feature:39)
</textarea>
      
      </div>
                  </div>
                  <div class="step skip-bg">
                    <span>And User click on product name "Build your own computer"</span>
      <div>Step skipped
      </div>
                  </div>
                  <div class="step skip-bg">
                    <span>And User select processor "2.5 GHz Intel Pentium Dual-Core E2200 [+$15.00]"</span>
      <div>Step skipped
      </div>
                  </div>
                  <div class="step skip-bg">
                    <span>And User select RAM "8GB [+$60.00]"</span>
      <div>Step skipped
      </div>
                  </div>
                  <div class="step skip-bg">
                    <span>And User select HDD "320 GB"</span>
      <div>Step skipped
      </div>
                  </div>
                  <div class="step skip-bg">
                    <span>And User select Os "VistaHome [+$50.00]"</span>
      <div>Step skipped
      </div>
                  </div>
                  <div class="step skip-bg">
                    <span>And User select software "Total Commander [+$5.00]"</span>
      <div>Step skipped
      </div>
                  </div>
                  <div class="step skip-bg">
                    <span>And User click on Add to cart button</span>
      <div>Step skipped
      </div>
                  </div>
                  <div class="step skip-bg">
                    <span>Then User verify message the "The product has been added to your shopping cart"</span>
      <div>Step skipped
      </div>
                  </div>
                  <div class="step fail-bg">
                    <span>com.nopcommerce.demo.steps.Hooks.tearDown(io.cucumber.java.Scenario)</span>
      <div>
        <textarea disabled class="code-block">org.openqa.selenium.NoSuchWindowException: no such window: target window already closed
from unknown error: web view not found
  (Session info: chrome=120.0.6099.109)
Build info: version: '4.15.0', revision: '1d14b5521b'
System info: os.name: 'Windows 11', os.arch: 'amd64', os.version: '10.0', java.version: '17.0.8'
Driver info: org.openqa.selenium.chrome.ChromeDriver
Command: [f55a5226b1929b7d6c15949ceeec3200, screenshot {}]
Capabilities {acceptInsecureCerts: false, browserName: chrome, browserVersion: 120.0.6099.109, chrome: {chromedriverVersion: 120.0.6099.71 (9729082fe617..., userDataDir: C:\Users\kakad\AppData\Loca...}, fedcm:accounts: true, goog:chromeOptions: {debuggerAddress: localhost:62962}, networkConnectionEnabled: false, pageLoadStrategy: normal, platformName: windows, proxy: Proxy(), se:cdp: ws://localhost:62962/devtoo..., se:cdpVersion: 120.0.6099.109, setWindowRect: true, strictFileInteractability: false, timeouts: {implicit: 0, pageLoad: 300000, script: 30000}, unhandledPromptBehavior: dismiss and notify, webauthn:extension:credBlob: true, webauthn:extension:largeBlob: true, webauthn:extension:minPinLength: true, webauthn:extension:prf: true, webauthn:virtualAuthenticators: true}
Session ID: f55a5226b1929b7d6c15949ceeec3200
	at java.base/jdk.internal.reflect.NativeConstructorAccessorImpl.newInstance0(Native Method)
	at java.base/jdk.internal.reflect.NativeConstructorAccessorImpl.newInstance(NativeConstructorAccessorImpl.java:77)
	at java.base/jdk.internal.reflect.DelegatingConstructorAccessorImpl.newInstance(DelegatingConstructorAccessorImpl.java:45)
	at java.base/java.lang.reflect.Constructor.newInstanceWithCaller(Constructor.java:499)
	at java.base/java.lang.reflect.Constructor.newInstance(Constructor.java:480)
	at org.openqa.selenium.remote.codec.w3c.W3CHttpResponseCodec.createException(W3CHttpResponseCodec.java:200)
	at org.openqa.selenium.remote.codec.w3c.W3CHttpResponseCodec.decode(W3CHttpResponseCodec.java:133)
	at org.openqa.selenium.remote.codec.w3c.W3CHttpResponseCodec.decode(W3CHttpResponseCodec.java:52)
	at org.openqa.selenium.remote.HttpCommandExecutor.execute(HttpCommandExecutor.java:191)
	at org.openqa.selenium.remote.service.DriverCommandExecutor.invokeExecute(DriverCommandExecutor.java:200)
	at org.openqa.selenium.remote.service.DriverCommandExecutor.execute(DriverCommandExecutor.java:175)
	at org.openqa.selenium.remote.RemoteWebDriver.execute(RemoteWebDriver.java:607)
	at org.openqa.selenium.remote.RemoteWebDriver.execute(RemoteWebDriver.java:680)
	at org.openqa.selenium.remote.RemoteWebDriver.execute(RemoteWebDriver.java:684)
	at org.openqa.selenium.remote.RemoteWebDriver.getScreenshotAs(RemoteWebDriver.java:330)
	at com.nopcommerce.demo.utility.Utility.getScreenShot(Utility.java:473)
	at com.nopcommerce.demo.steps.Hooks.tearDown(Hooks.java:19)
</textarea>
      
      </div>
                  </div>
              </div>
            </div>
        </div>
  </div>
</div>
          </div>
        </li>
        <li class="test-item"  status="fail" test-id="60"
          author=""
          tag=""
          device="">
          <div class="test-detail">
            <p class="name">Login Page Test</p>
            <p class="text-sm">
              <span>18:26:20</span> / <span>00:00:15:379</span>
              <span class="badge fail-bg log float-right">Fail</span>
            </p>
          </div>
          <div class="test-contents d-none">
<div class="detail-head">
<div class="p-v-10">
<div class="info">
<h5 class="test-status text-fail">Login Page Test</h5>
<span class='badge badge-success'>12.17.2023 18:26:20</span>
<span class='badge badge-danger'>12.17.2023 18:26:36</span>
<span class='badge badge-default'>00:00:15:379</span>
&middot; <span class='uri-anchor badge badge-default'>#test-id=60</span>
<span class='badge badge-default pointer float-right ml-1 et'><i class="fa fa-chevron-down"></i></span>
<span class='badge badge-default pointer float-right ct'><i class="fa fa-chevron-up"></i></span>
</div>
<div class="m-t-10 m-l-5"> As a User I would Like to Login to the Application successfully</div>
</div>
</div>
<div class="accordion mt-4">
  <div class="card">
    <div class="card-header" role="tab">
      <div class="card-title">
        <div class="node" id="61"><span class="badge log pass-bg mr-2">Pass</span>User Should Navigate To LoginPage SuccessFully</div>
      </div>
    </div>
        <div class="collapse">
          <div class="card-body">
              <div class="step pass-bg" title="com.nopcommerce.demo.steps.HomepageSteps.userIsOnHomepage()">
                <span>Given User is on Homepage</span>
      <div>
      </div>
              </div>
              <div class="step pass-bg" title="com.nopcommerce.demo.steps.HomepageSteps.userClickOnLoginLink()">
                <span>When User click on login link</span>
      <div>
      </div>
              </div>
              <div class="step pass-bg" title="com.nopcommerce.demo.steps.LoginPageSteps.userNavigateToTheLoginPage()">
                <span>Then User navigate to the login page</span>
      <div>
      </div>
              </div>
              <div class="step pass-bg" title="com.nopcommerce.demo.steps.LoginPageSteps.userVerifyTheWelcomePleaseSignInText()">
                <span>And User Verify The Welcome, Please Sign In! text</span>
      <div>
      </div>
              </div>
          </div>
        </div>
  </div>
  <div class="card">
    <div class="card-header" role="tab">
      <div class="card-title">
        <div class="node" id="68"><span class="badge log pass-bg mr-2">Pass</span>Verify The ErrorMessage With InValid Credentials</div>
      </div>
    </div>
        <div class="collapse">
          <div class="card-body">
              <div class="step pass-bg" title="com.nopcommerce.demo.steps.HomepageSteps.userIsOnHomepage()">
                <span>Given User is on Homepage</span>
      <div>
      </div>
              </div>
              <div class="step pass-bg" title="com.nopcommerce.demo.steps.HomepageSteps.userClickOnLoginLink()">
                <span>When User click on login link</span>
      <div>
      </div>
              </div>
              <div class="step pass-bg" title="com.nopcommerce.demo.steps.LoginPageSteps.userNavigateToTheLoginPage()">
                <span>Then User navigate to the login page</span>
      <div>
      </div>
              </div>
              <div class="step pass-bg" title="com.nopcommerce.demo.steps.LoginPageSteps.userEnterEmailId(java.lang.String)">
                <span>And User enter EmailId "test123@gmail.com"</span>
      <div>
      </div>
              </div>
              <div class="step pass-bg" title="com.nopcommerce.demo.steps.LoginPageSteps.userEnterPassword(java.lang.String)">
                <span>And User enter Password "password123"</span>
      <div>
      </div>
              </div>
              <div class="step pass-bg" title="com.nopcommerce.demo.steps.LoginPageSteps.userClickOnLoginButton()">
                <span>And User click on Login Button</span>
      <div>
      </div>
              </div>
              <div class="step pass-bg" title="com.nopcommerce.demo.steps.LoginPageSteps.userUnableToLoginWithInvalidCredentials()">
                <span>Then User unable to login with invalid credentials</span>
      <div>
      </div>
              </div>
          </div>
        </div>
  </div>
  <div class="card">
    <div class="card-header" role="tab">
      <div class="card-title">
        <div class="node" id="78"><span class="badge log fail-bg mr-2">Fail</span>Verify That User Should Log In SuccessFully With Valid Credentials</div>
      </div>
    </div>
        <div class="">
          <div class="card-body">
              <div class="step pass-bg" title="com.nopcommerce.demo.steps.HomepageSteps.userIsOnHomepage()">
                <span>Given User is on Homepage</span>
      <div>
      </div>
              </div>
              <div class="step pass-bg" title="com.nopcommerce.demo.steps.HomepageSteps.userClickOnLoginLink()">
                <span>When User click on login link</span>
      <div>
      </div>
              </div>
              <div class="step pass-bg" title="com.nopcommerce.demo.steps.LoginPageSteps.userNavigateToTheLoginPage()">
                <span>Then User navigate to the login page</span>
      <div>
      </div>
              </div>
              <div class="step pass-bg" title="com.nopcommerce.demo.steps.LoginPageSteps.userEnterEmail(java.lang.String)">
                <span>And User enter email "generatedEmail"</span>
      <div>
      </div>
              </div>
              <div class="step pass-bg" title="com.nopcommerce.demo.steps.LoginPageSteps.userEnterPassword1(java.lang.String)">
                <span>And User enter password  "password123"</span>
      <div>
      </div>
              </div>
              <div class="step pass-bg" title="com.nopcommerce.demo.steps.LoginPageSteps.userClickOnLoginButton()">
                <span>And User click on Login Button</span>
      <div>
      </div>
              </div>
              <div class="step fail-bg" title="com.nopcommerce.demo.steps.HomepageSteps.userCheckThatLogOutLinkIsDisplay()">
                <span>Then User Check that LogOut Link is display</span>
      <div>
        <textarea disabled class="code-block">org.openqa.selenium.NoSuchElementException: Unable to find element with locator By.xpath: //a[normalize-space()='Log out']
For documentation on this error, please visit: https://www.selenium.dev/documentation/webdriver/troubleshooting/errors#no-such-element-exception
Build info: version: '4.15.0', revision: '1d14b5521b'
System info: os.name: 'Windows 11', os.arch: 'amd64', os.version: '10.0', java.version: '17.0.8'
Driver info: driver.version: RemoteWebDriver
	at org.openqa.selenium.remote.ElementLocation$ElementFinder$2.findElement(ElementLocation.java:168)
	at org.openqa.selenium.remote.ElementLocation.findElement(ElementLocation.java:59)
	at org.openqa.selenium.remote.RemoteWebDriver.findElement(RemoteWebDriver.java:364)
	at org.openqa.selenium.remote.RemoteWebDriver.findElement(RemoteWebDriver.java:358)
	at org.openqa.selenium.support.pagefactory.DefaultElementLocator.findElement(DefaultElementLocator.java:68)
	at org.openqa.selenium.support.pagefactory.internal.LocatingElementHandler.invoke(LocatingElementHandler.java:38)
	at jdk.proxy2/jdk.proxy2.$Proxy29.getText(Unknown Source)
	at com.nopcommerce.demo.utility.Utility.getTextFromElement(Utility.java:63)
	at com.nopcommerce.demo.pages.HomePage.verifyLogOutLinkIsDisplayed(HomePage.java:70)
	at com.nopcommerce.demo.steps.HomepageSteps.userCheckThatLogOutLinkIsDisplay(HomepageSteps.java:23)
	at ✽.User Check that LogOut Link is display(file:///C:/Users/kakad/IdeaProjects/nop-commerce-demo-sw-6/src/test/resources/features/LoginTest.feature:43)
</textarea>
      
      </div>
              </div>
              <div class="step fail-bg" title="AFTER">
                <span>com.nopcommerce.demo.steps.Hooks.tearDown(io.cucumber.java.Scenario)</span>
      <div>
        <textarea disabled class="code-block">org.openqa.selenium.NoSuchWindowException: no such window: target window already closed
from unknown error: web view not found
  (Session info: chrome=120.0.6099.109)
Build info: version: '4.15.0', revision: '1d14b5521b'
System info: os.name: 'Windows 11', os.arch: 'amd64', os.version: '10.0', java.version: '17.0.8'
Driver info: org.openqa.selenium.chrome.ChromeDriver
Command: [8d172b460e7719a8ec068850797e6a4b, screenshot {}]
Capabilities {acceptInsecureCerts: false, browserName: chrome, browserVersion: 120.0.6099.109, chrome: {chromedriverVersion: 120.0.6099.71 (9729082fe617..., userDataDir: C:\Users\kakad\AppData\Loca...}, fedcm:accounts: true, goog:chromeOptions: {debuggerAddress: localhost:63025}, networkConnectionEnabled: false, pageLoadStrategy: normal, platformName: windows, proxy: Proxy(), se:cdp: ws://localhost:63025/devtoo..., se:cdpVersion: 120.0.6099.109, setWindowRect: true, strictFileInteractability: false, timeouts: {implicit: 0, pageLoad: 300000, script: 30000}, unhandledPromptBehavior: dismiss and notify, webauthn:extension:credBlob: true, webauthn:extension:largeBlob: true, webauthn:extension:minPinLength: true, webauthn:extension:prf: true, webauthn:virtualAuthenticators: true}
Session ID: 8d172b460e7719a8ec068850797e6a4b
	at java.base/jdk.internal.reflect.NativeConstructorAccessorImpl.newInstance0(Native Method)
	at java.base/jdk.internal.reflect.NativeConstructorAccessorImpl.newInstance(NativeConstructorAccessorImpl.java:77)
	at java.base/jdk.internal.reflect.DelegatingConstructorAccessorImpl.newInstance(DelegatingConstructorAccessorImpl.java:45)
	at java.base/java.lang.reflect.Constructor.newInstanceWithCaller(Constructor.java:499)
	at java.base/java.lang.reflect.Constructor.newInstance(Constructor.java:480)
	at org.openqa.selenium.remote.codec.w3c.W3CHttpResponseCodec.createException(W3CHttpResponseCodec.java:200)
	at org.openqa.selenium.remote.codec.w3c.W3CHttpResponseCodec.decode(W3CHttpResponseCodec.java:133)
	at org.openqa.selenium.remote.codec.w3c.W3CHttpResponseCodec.decode(W3CHttpResponseCodec.java:52)
	at org.openqa.selenium.remote.HttpCommandExecutor.execute(HttpCommandExecutor.java:191)
	at org.openqa.selenium.remote.service.DriverCommandExecutor.invokeExecute(DriverCommandExecutor.java:200)
	at org.openqa.selenium.remote.service.DriverCommandExecutor.execute(DriverCommandExecutor.java:175)
	at org.openqa.selenium.remote.RemoteWebDriver.execute(RemoteWebDriver.java:607)
	at org.openqa.selenium.remote.RemoteWebDriver.execute(RemoteWebDriver.java:680)
	at org.openqa.selenium.remote.RemoteWebDriver.execute(RemoteWebDriver.java:684)
	at org.openqa.selenium.remote.RemoteWebDriver.getScreenshotAs(RemoteWebDriver.java:330)
	at com.nopcommerce.demo.utility.Utility.getScreenShot(Utility.java:473)
	at com.nopcommerce.demo.steps.Hooks.tearDown(Hooks.java:19)
</textarea>
      
      </div>
              </div>
          </div>
        </div>
  </div>
  <div class="card">
    <div class="card-header" role="tab">
      <div class="card-title">
        <div class="node" id="88"><span class="badge log fail-bg mr-2">Fail</span>Verify That User Should LogOut SuccessFully</div>
      </div>
    </div>
        <div class="">
          <div class="card-body">
              <div class="step pass-bg" title="com.nopcommerce.demo.steps.HomepageSteps.userIsOnHomepage()">
                <span>Given User is on Homepage</span>
      <div>
      </div>
              </div>
              <div class="step pass-bg" title="com.nopcommerce.demo.steps.HomepageSteps.userClickOnLoginLink()">
                <span>When User click on login link</span>
      <div>
      </div>
              </div>
              <div class="step pass-bg" title="com.nopcommerce.demo.steps.LoginPageSteps.userNavigateToTheLoginPage()">
                <span>Then User navigate to the login page</span>
      <div>
      </div>
              </div>
              <div class="step pass-bg" title="com.nopcommerce.demo.steps.LoginPageSteps.userEnterEmail(java.lang.String)">
                <span>And User enter email "generatedEmail"</span>
      <div>
      </div>
              </div>
              <div class="step pass-bg" title="com.nopcommerce.demo.steps.LoginPageSteps.userEnterPassword1(java.lang.String)">
                <span>And User enter password  "password123"</span>
      <div>
      </div>
              </div>
              <div class="step pass-bg" title="com.nopcommerce.demo.steps.LoginPageSteps.userClickOnLoginButton()">
                <span>And User click on Login Button</span>
      <div>
      </div>
              </div>
              <div class="step pass-bg" title="com.nopcommerce.demo.steps.HomepageSteps.userNavigateToTheHomePage()">
                <span>Then User navigate to the Home page</span>
      <div>
      </div>
              </div>
              <div class="step fail-bg" title="com.nopcommerce.demo.steps.HomepageSteps.userClickOnLogOutLink()">
                <span>And User click on LogOut Link</span>
      <div>
        <textarea disabled class="code-block">org.openqa.selenium.NoSuchElementException: Unable to find element with locator By.xpath: //a[normalize-space()='Log out']
For documentation on this error, please visit: https://www.selenium.dev/documentation/webdriver/troubleshooting/errors#no-such-element-exception
Build info: version: '4.15.0', revision: '1d14b5521b'
System info: os.name: 'Windows 11', os.arch: 'amd64', os.version: '10.0', java.version: '17.0.8'
Driver info: driver.version: RemoteWebDriver
	at org.openqa.selenium.remote.ElementLocation$ElementFinder$2.findElement(ElementLocation.java:168)
	at org.openqa.selenium.remote.ElementLocation.findElement(ElementLocation.java:59)
	at org.openqa.selenium.remote.RemoteWebDriver.findElement(RemoteWebDriver.java:364)
	at org.openqa.selenium.remote.RemoteWebDriver.findElement(RemoteWebDriver.java:358)
	at org.openqa.selenium.support.pagefactory.DefaultElementLocator.findElement(DefaultElementLocator.java:68)
	at org.openqa.selenium.support.pagefactory.internal.LocatingElementHandler.invoke(LocatingElementHandler.java:38)
	at jdk.proxy2/jdk.proxy2.$Proxy29.click(Unknown Source)
	at com.nopcommerce.demo.utility.Utility.clickOnElement(Utility.java:51)
	at com.nopcommerce.demo.pages.LoginPage.clickOnLogOutButton(LoginPage.java:88)
	at com.nopcommerce.demo.steps.HomepageSteps.userClickOnLogOutLink(HomepageSteps.java:35)
	at ✽.User click on LogOut Link(file:///C:/Users/kakad/IdeaProjects/nop-commerce-demo-sw-6/src/test/resources/features/LoginTest.feature:61)
</textarea>
      
      </div>
              </div>
              <div class="step skip-bg" title="com.nopcommerce.demo.steps.HomepageSteps.userVerifyTheLogInLinkIsDisplay()">
                <span>Then User verify The LogIn Link is display</span>
      <div>Step skipped
      </div>
              </div>
              <div class="step fail-bg" title="AFTER">
                <span>com.nopcommerce.demo.steps.Hooks.tearDown(io.cucumber.java.Scenario)</span>
      <div>
        <textarea disabled class="code-block">org.openqa.selenium.NoSuchWindowException: no such window: target window already closed
from unknown error: web view not found
  (Session info: chrome=120.0.6099.109)
Build info: version: '4.15.0', revision: '1d14b5521b'
System info: os.name: 'Windows 11', os.arch: 'amd64', os.version: '10.0', java.version: '17.0.8'
Driver info: org.openqa.selenium.chrome.ChromeDriver
Command: [7aed2ad99339a815c4581eb03eaad3ed, screenshot {}]
Capabilities {acceptInsecureCerts: false, browserName: chrome, browserVersion: 120.0.6099.109, chrome: {chromedriverVersion: 120.0.6099.71 (9729082fe617..., userDataDir: C:\Users\kakad\AppData\Loca...}, fedcm:accounts: true, goog:chromeOptions: {debuggerAddress: localhost:63048}, networkConnectionEnabled: false, pageLoadStrategy: normal, platformName: windows, proxy: Proxy(), se:cdp: ws://localhost:63048/devtoo..., se:cdpVersion: 120.0.6099.109, setWindowRect: true, strictFileInteractability: false, timeouts: {implicit: 0, pageLoad: 300000, script: 30000}, unhandledPromptBehavior: dismiss and notify, webauthn:extension:credBlob: true, webauthn:extension:largeBlob: true, webauthn:extension:minPinLength: true, webauthn:extension:prf: true, webauthn:virtualAuthenticators: true}
Session ID: 7aed2ad99339a815c4581eb03eaad3ed
	at java.base/jdk.internal.reflect.NativeConstructorAccessorImpl.newInstance0(Native Method)
	at java.base/jdk.internal.reflect.NativeConstructorAccessorImpl.newInstance(NativeConstructorAccessorImpl.java:77)
	at java.base/jdk.internal.reflect.DelegatingConstructorAccessorImpl.newInstance(DelegatingConstructorAccessorImpl.java:45)
	at java.base/java.lang.reflect.Constructor.newInstanceWithCaller(Constructor.java:499)
	at java.base/java.lang.reflect.Constructor.newInstance(Constructor.java:480)
	at org.openqa.selenium.remote.codec.w3c.W3CHttpResponseCodec.createException(W3CHttpResponseCodec.java:200)
	at org.openqa.selenium.remote.codec.w3c.W3CHttpResponseCodec.decode(W3CHttpResponseCodec.java:133)
	at org.openqa.selenium.remote.codec.w3c.W3CHttpResponseCodec.decode(W3CHttpResponseCodec.java:52)
	at org.openqa.selenium.remote.HttpCommandExecutor.execute(HttpCommandExecutor.java:191)
	at org.openqa.selenium.remote.service.DriverCommandExecutor.invokeExecute(DriverCommandExecutor.java:200)
	at org.openqa.selenium.remote.service.DriverCommandExecutor.execute(DriverCommandExecutor.java:175)
	at org.openqa.selenium.remote.RemoteWebDriver.execute(RemoteWebDriver.java:607)
	at org.openqa.selenium.remote.RemoteWebDriver.execute(RemoteWebDriver.java:680)
	at org.openqa.selenium.remote.RemoteWebDriver.execute(RemoteWebDriver.java:684)
	at org.openqa.selenium.remote.RemoteWebDriver.getScreenshotAs(RemoteWebDriver.java:330)
	at com.nopcommerce.demo.utility.Utility.getScreenShot(Utility.java:473)
	at com.nopcommerce.demo.steps.Hooks.tearDown(Hooks.java:19)
</textarea>
      
      </div>
              </div>
          </div>
        </div>
  </div>
</div>
          </div>
        </li>
        <li class="test-item"  status="pass" test-id="100"
          author=""
          tag=""
          device="">
          <div class="test-detail">
            <p class="name">Register Page Test</p>
            <p class="text-sm">
              <span>18:26:36</span> / <span>00:00:09:502</span>
              <span class="badge pass-bg log float-right">Pass</span>
            </p>
          </div>
          <div class="test-contents d-none">
<div class="detail-head">
<div class="p-v-10">
<div class="info">
<h5 class="test-status text-pass">Register Page Test</h5>
<span class='badge badge-success'>12.17.2023 18:26:36</span>
<span class='badge badge-danger'>12.17.2023 18:26:45</span>
<span class='badge badge-default'>00:00:09:502</span>
&middot; <span class='uri-anchor badge badge-default'>#test-id=100</span>
<span class='badge badge-default pointer float-right ml-1 et'><i class="fa fa-chevron-down"></i></span>
<span class='badge badge-default pointer float-right ct'><i class="fa fa-chevron-up"></i></span>
</div>
<div class="m-t-10 m-l-5"> As a User I would Like to Register to the Application successfully</div>
</div>
</div>
<div class="accordion mt-4">
  <div class="card">
    <div class="card-header" role="tab">
      <div class="card-title">
        <div class="node" id="101"><span class="badge log pass-bg mr-2">Pass</span>Verify User Should Navigate To Register Page Successfully</div>
      </div>
    </div>
        <div class="collapse">
          <div class="card-body">
              <div class="step pass-bg" title="com.nopcommerce.demo.steps.HomepageSteps.userIsOnHomepage()">
                <span>Given User is on Homepage</span>
      <div>
      </div>
              </div>
              <div class="step pass-bg" title="com.nopcommerce.demo.steps.HomepageSteps.userClickOnRegisterLink()">
                <span>When User click on register link</span>
      <div>
      </div>
              </div>
              <div class="step pass-bg" title="com.nopcommerce.demo.steps.RegisterPageSteps.userNavigateToTheRegisterPage()">
                <span>Then User navigate to the register page</span>
      <div>
      </div>
              </div>
              <div class="step pass-bg" title="com.nopcommerce.demo.steps.RegisterPageSteps.userVerifyTheText(java.lang.String)">
                <span>And User Verify The text "Register"</span>
      <div>
      </div>
              </div>
          </div>
        </div>
  </div>
  <div class="card">
    <div class="card-header" role="tab">
      <div class="card-title">
        <div class="node" id="108"><span class="badge log pass-bg mr-2">Pass</span>Verify That FirstName LastName Email Password And ConfirmPassword Fields Are Mandatory</div>
      </div>
    </div>
        <div class="collapse">
          <div class="card-body">
              <div class="step pass-bg" title="com.nopcommerce.demo.steps.HomepageSteps.userIsOnHomepage()">
                <span>Given User is on Homepage</span>
      <div>
      </div>
              </div>
              <div class="step pass-bg" title="com.nopcommerce.demo.steps.HomepageSteps.userClickOnRegisterLink()">
                <span>When User click on register link</span>
      <div>
      </div>
              </div>
              <div class="step pass-bg" title="com.nopcommerce.demo.steps.RegisterPageSteps.userNavigateToTheRegisterPage()">
                <span>And User navigate to the register page</span>
      <div>
      </div>
              </div>
              <div class="step pass-bg" title="com.nopcommerce.demo.steps.RegisterPageSteps.userClickOnRegisterButton()">
                <span>And User click on Register Button</span>
      <div>
      </div>
              </div>
              <div class="step pass-bg" title="com.nopcommerce.demo.steps.RegisterPageSteps.userCheckTheFirstNameErrorMessage(java.lang.String)">
                <span>Then User check the First name error message "First name is required."</span>
      <div>
      </div>
              </div>
              <div class="step pass-bg" title="com.nopcommerce.demo.steps.RegisterPageSteps.userCheckTheLastNameErrorMessage(java.lang.String)">
                <span>Then User check the Last name error message "Last name is required."</span>
      <div>
      </div>
              </div>
              <div class="step pass-bg" title="com.nopcommerce.demo.steps.RegisterPageSteps.userCheckTheEmailErrorMessage(java.lang.String)">
                <span>Then User check the  Email error message "Email is required."</span>
      <div>
      </div>
              </div>
              <div class="step pass-bg" title="com.nopcommerce.demo.steps.RegisterPageSteps.userCheckThePasswordErrorMessage(java.lang.String)">
                <span>Then User check the  Password error message "Password is required."</span>
      <div>
      </div>
              </div>
              <div class="step pass-bg" title="com.nopcommerce.demo.steps.RegisterPageSteps.userCheckTheConfirmPasswordErrorMessage(java.lang.String)">
                <span>Then User check the  confirm Password error message "Password is required."</span>
      <div>
      </div>
              </div>
          </div>
        </div>
  </div>
  <div class="card">
    <div class="card-header" role="tab">
      <div class="card-title">
        <div class="node" id="120"><span class="badge log pass-bg mr-2">Pass</span>Verify That User Should Create Account Successfully</div>
      </div>
    </div>
        <div class="collapse">
          <div class="card-body">
              <div class="step pass-bg" title="com.nopcommerce.demo.steps.HomepageSteps.userIsOnHomepage()">
                <span>Given User is on Homepage</span>
      <div>
      </div>
              </div>
              <div class="step pass-bg" title="com.nopcommerce.demo.steps.HomepageSteps.userClickOnRegisterLink()">
                <span>When User click on register link</span>
      <div>
      </div>
              </div>
              <div class="step pass-bg" title="com.nopcommerce.demo.steps.RegisterPageSteps.userNavigateToTheRegisterPage()">
                <span>And User navigate to the register page</span>
      <div>
      </div>
              </div>
              <div class="step pass-bg" title="com.nopcommerce.demo.steps.RegisterPageSteps.userClickOnRadioButton(java.lang.String)">
                <span>And User click on radio button "female"</span>
      <div>
      </div>
              </div>
              <div class="step pass-bg" title="com.nopcommerce.demo.steps.RegisterPageSteps.userEnterFirstnameAs(java.lang.String)">
                <span>And User enter firstname as "Robert"</span>
      <div>
      </div>
              </div>
              <div class="step pass-bg" title="com.nopcommerce.demo.steps.RegisterPageSteps.userEnterLastnameAs(java.lang.String)">
                <span>And User enter lastname as "Jackson"</span>
      <div>
      </div>
              </div>
              <div class="step pass-bg" title="com.nopcommerce.demo.steps.RegisterPageSteps.userSelectDateForBirthday(java.lang.String)">
                <span>And User select date for Birthday "18"</span>
      <div>
      </div>
              </div>
              <div class="step pass-bg" title="com.nopcommerce.demo.steps.RegisterPageSteps.userSelectMonthForBirthday(java.lang.String)">
                <span>And User select month for Birthday "October"</span>
      <div>
      </div>
              </div>
              <div class="step pass-bg" title="com.nopcommerce.demo.steps.RegisterPageSteps.userSelectYearForBirthday(java.lang.String)">
                <span>And User select year for Birthday "1990"</span>
      <div>
      </div>
              </div>
              <div class="step pass-bg" title="com.nopcommerce.demo.steps.LoginPageSteps.userEnterEmail(java.lang.String)">
                <span>And User enter email "roberjackson@gmail.com"</span>
      <div>
      </div>
              </div>
              <div class="step pass-bg" title="com.nopcommerce.demo.steps.RegisterPageSteps.userEnterThePassword(java.lang.String)">
                <span>And User enter the password "password123"</span>
      <div>
      </div>
              </div>
              <div class="step pass-bg" title="com.nopcommerce.demo.steps.RegisterPageSteps.userEnterTheConfirmPassword(java.lang.String)">
                <span>And User enter the confirm password "password123"</span>
      <div>
      </div>
              </div>
              <div class="step pass-bg" title="com.nopcommerce.demo.steps.RegisterPageSteps.userClickOnRegisterButton()">
                <span>And User click on Register Button</span>
      <div>
      </div>
              </div>
              <div class="step pass-bg" title="com.nopcommerce.demo.steps.RegisterPageSteps.userShouldSeeSuccessfulRegistrationMessage(java.lang.String)">
                <span>Then User should see successful registration message "Your registration completed"</span>
      <div>
      </div>
              </div>
          </div>
        </div>
  </div>
</div>
          </div>
        </li>
      </ul>
    </div>
  </div>
<div class="test-content scrollable">
<div class="test-content-tools">
<ul><li><a class="back-to-test" href="#"><i class="fa fa-arrow-left"></i></a></li></ul>
</div>
<div class="test-content-detail"><div class="detail-body"></div></div>
</div></div>
<div class="test-wrapper row view category-view attributes-view">
<div class="test-list">
<div class="test-list-tools">
<ul class="tools pull-left"><li><a href=""><span class="font-size-14">Category</span></a></li></ul>
<ul class="tools text-right"><li><a href="#"><span class="badge badge-primary">4</span></a></li></ul>
</div>
<div class="test-list-wrapper scrollable">
<ul class="test-list-item">
<li class="test-item">
<div class="test-detail">
<span class="meta">
<span class='badge log pass-bg'>4</span>
<span class='badge log badge-danger'>2</span>
</span>
<p class="name">@Smoke</p>
<p class="duration text-sm">6 tests</p>
</div>
<div class="test-contents d-none">
<div class="info">
<h4>@Smoke</h4>
<span status="pass" class='badge log pass-bg'>4 passed</span>
<span status="fail" class='badge log badge-danger'>2 failed</span>
</div>
<table class='table table-sm mt-4'>
<thead>
<tr>
<th class="status-col">Status</th>
<th class="timestamp-col">Timestamp</th>
<th>TestName</th>
</tr>
</thead>
<tbody>
<tr class="tag-test-status" status="fail">
<td><span class="badge log fail-bg">Fail</span></td>
<td>18:24:56 pm</td>
<td>
<a href="#" class="linked" test-id='1' id='2'>Verify User Should Navigate To Computer Page Successfully</a>
<div class="">
<span class="badge badge-default">Computer Page Test.Verify User Should Navigate To Computer Page Successfully</span>
</div>
</td>
</tr>
<tr class="tag-test-status" status="fail">
<td><span class="badge log fail-bg">Fail</span></td>
<td>18:25:20 pm</td>
<td>
<a href="#" class="linked" test-id='1' id='9'>Verify User Should Navigate To Desktops Page Successfully</a>
<div class="">
<span class="badge badge-default">Computer Page Test.Verify User Should Navigate To Desktops Page Successfully</span>
</div>
</td>
</tr>
<tr class="tag-test-status" status="pass">
<td><span class="badge log pass-bg">Pass</span></td>
<td>18:26:20 pm</td>
<td>
<a href="#" class="linked" test-id='60' id='61'>User Should Navigate To LoginPage SuccessFully</a>
<div class="">
<span class="badge badge-default">Login Page Test.User Should Navigate To LoginPage SuccessFully</span>
</div>
</td>
</tr>
<tr class="tag-test-status" status="pass">
<td><span class="badge log pass-bg">Pass</span></td>
<td>18:26:23 pm</td>
<td>
<a href="#" class="linked" test-id='60' id='68'>Verify The ErrorMessage With InValid Credentials</a>
<div class="">
<span class="badge badge-default">Login Page Test.Verify The ErrorMessage With InValid Credentials</span>
</div>
</td>
</tr>
<tr class="tag-test-status" status="pass">
<td><span class="badge log pass-bg">Pass</span></td>
<td>18:26:36 pm</td>
<td>
<a href="#" class="linked" test-id='100' id='101'>Verify User Should Navigate To Register Page Successfully</a>
<div class="">
<span class="badge badge-default">Register Page Test.Verify User Should Navigate To Register Page Successfully</span>
</div>
</td>
</tr>
<tr class="tag-test-status" status="pass">
<td><span class="badge log pass-bg">Pass</span></td>
<td>18:26:38 pm</td>
<td>
<a href="#" class="linked" test-id='100' id='108'>Verify That FirstName LastName Email Password And ConfirmPassword Fields Are Mandatory</a>
<div class="">
<span class="badge badge-default">Register Page Test.Verify That FirstName LastName Email Password And ConfirmPassword Fields Are Mandatory</span>
</div>
</td>
</tr>
</tbody>
</table>
</div>
</li>
<li class="test-item">
<div class="test-detail">
<span class="meta">
<span class='badge log pass-bg'>5</span>
<span class='badge log badge-danger'>7</span>
</span>
<p class="name">@Asha</p>
<p class="duration text-sm">12 tests</p>
</div>
<div class="test-contents d-none">
<div class="info">
<h4>@Asha</h4>
<span status="pass" class='badge log pass-bg'>5 passed</span>
<span status="fail" class='badge log badge-danger'>7 failed</span>
</div>
<table class='table table-sm mt-4'>
<thead>
<tr>
<th class="status-col">Status</th>
<th class="timestamp-col">Timestamp</th>
<th>TestName</th>
</tr>
</thead>
<tbody>
<tr class="tag-test-status" status="fail">
<td><span class="badge log fail-bg">Fail</span></td>
<td>18:24:56 pm</td>
<td>
<a href="#" class="linked" test-id='1' id='2'>Verify User Should Navigate To Computer Page Successfully</a>
<div class="">
<span class="badge badge-default">Computer Page Test.Verify User Should Navigate To Computer Page Successfully</span>
</div>
</td>
</tr>
<tr class="tag-test-status" status="fail">
<td><span class="badge log fail-bg">Fail</span></td>
<td>18:25:20 pm</td>
<td>
<a href="#" class="linked" test-id='1' id='9'>Verify User Should Navigate To Desktops Page Successfully</a>
<div class="">
<span class="badge badge-default">Computer Page Test.Verify User Should Navigate To Desktops Page Successfully</span>
</div>
</td>
</tr>
<tr class="tag-test-status" status="fail">
<td><span class="badge log fail-bg">Fail</span></td>
<td>18:25:44 pm</td>
<td>
<a href="#" class="linked" test-id='1' id='18'>Verify That User Should Build YouOwn Computer And Add Them To Cart Successfully</a>
<div class="">
<span class="badge badge-default">Computer Page Test.Verify That User Should Build YouOwn Computer And Add Them To Cart Successfully</span>
</div>
</td>
</tr>
<tr class="tag-test-status" status="fail">
<td><span class="badge log fail-bg">Fail</span></td>
<td>18:26:06 pm</td>
<td>
<a href="#" class="linked" test-id='1' id='32'>Verify That User Should Build YouOwn Computer And Add Them To Cart Successfully</a>
<div class="">
<span class="badge badge-default">Computer Page Test.Verify That User Should Build YouOwn Computer And Add Them To Cart Successfully</span>
</div>
</td>
</tr>
<tr class="tag-test-status" status="fail">
<td><span class="badge log fail-bg">Fail</span></td>
<td>18:26:15 pm</td>
<td>
<a href="#" class="linked" test-id='1' id='46'>Verify That User Should Build YouOwn Computer And Add Them To Cart Successfully</a>
<div class="">
<span class="badge badge-default">Computer Page Test.Verify That User Should Build YouOwn Computer And Add Them To Cart Successfully</span>
</div>
</td>
</tr>
<tr class="tag-test-status" status="pass">
<td><span class="badge log pass-bg">Pass</span></td>
<td>18:26:20 pm</td>
<td>
<a href="#" class="linked" test-id='60' id='61'>User Should Navigate To LoginPage SuccessFully</a>
<div class="">
<span class="badge badge-default">Login Page Test.User Should Navigate To LoginPage SuccessFully</span>
</div>
</td>
</tr>
<tr class="tag-test-status" status="pass">
<td><span class="badge log pass-bg">Pass</span></td>
<td>18:26:23 pm</td>
<td>
<a href="#" class="linked" test-id='60' id='68'>Verify The ErrorMessage With InValid Credentials</a>
<div class="">
<span class="badge badge-default">Login Page Test.Verify The ErrorMessage With InValid Credentials</span>
</div>
</td>
</tr>
<tr class="tag-test-status" status="fail">
<td><span class="badge log fail-bg">Fail</span></td>
<td>18:26:25 pm</td>
<td>
<a href="#" class="linked" test-id='60' id='78'>Verify That User Should Log In SuccessFully With Valid Credentials</a>
<div class="">
<span class="badge badge-default">Login Page Test.Verify That User Should Log In SuccessFully With Valid Credentials</span>
</div>
</td>
</tr>
<tr class="tag-test-status" status="fail">
<td><span class="badge log fail-bg">Fail</span></td>
<td>18:26:31 pm</td>
<td>
<a href="#" class="linked" test-id='60' id='88'>Verify That User Should LogOut SuccessFully</a>
<div class="">
<span class="badge badge-default">Login Page Test.Verify That User Should LogOut SuccessFully</span>
</div>
</td>
</tr>
<tr class="tag-test-status" status="pass">
<td><span class="badge log pass-bg">Pass</span></td>
<td>18:26:36 pm</td>
<td>
<a href="#" class="linked" test-id='100' id='101'>Verify User Should Navigate To Register Page Successfully</a>
<div class="">
<span class="badge badge-default">Register Page Test.Verify User Should Navigate To Register Page Successfully</span>
</div>
</td>
</tr>
<tr class="tag-test-status" status="pass">
<td><span class="badge log pass-bg">Pass</span></td>
<td>18:26:38 pm</td>
<td>
<a href="#" class="linked" test-id='100' id='108'>Verify That FirstName LastName Email Password And ConfirmPassword Fields Are Mandatory</a>
<div class="">
<span class="badge badge-default">Register Page Test.Verify That FirstName LastName Email Password And ConfirmPassword Fields Are Mandatory</span>
</div>
</td>
</tr>
<tr class="tag-test-status" status="pass">
<td><span class="badge log pass-bg">Pass</span></td>
<td>18:26:41 pm</td>
<td>
<a href="#" class="linked" test-id='100' id='120'>Verify That User Should Create Account Successfully</a>
<div class="">
<span class="badge badge-default">Register Page Test.Verify That User Should Create Account Successfully</span>
</div>
</td>
</tr>
</tbody>
</table>
</div>
</li>
<li class="test-item">
<div class="test-detail">
<span class="meta">
<span class='badge log pass-bg'>2</span>
<span class='badge log badge-danger'>1</span>
</span>
<p class="name">@Sanity</p>
<p class="duration text-sm">3 tests</p>
</div>
<div class="test-contents d-none">
<div class="info">
<h4>@Sanity</h4>
<span status="pass" class='badge log pass-bg'>2 passed</span>
<span status="fail" class='badge log badge-danger'>1 failed</span>
</div>
<table class='table table-sm mt-4'>
<thead>
<tr>
<th class="status-col">Status</th>
<th class="timestamp-col">Timestamp</th>
<th>TestName</th>
</tr>
</thead>
<tbody>
<tr class="tag-test-status" status="fail">
<td><span class="badge log fail-bg">Fail</span></td>
<td>18:24:56 pm</td>
<td>
<a href="#" class="linked" test-id='1' id='2'>Verify User Should Navigate To Computer Page Successfully</a>
<div class="">
<span class="badge badge-default">Computer Page Test.Verify User Should Navigate To Computer Page Successfully</span>
</div>
</td>
</tr>
<tr class="tag-test-status" status="pass">
<td><span class="badge log pass-bg">Pass</span></td>
<td>18:26:20 pm</td>
<td>
<a href="#" class="linked" test-id='60' id='61'>User Should Navigate To LoginPage SuccessFully</a>
<div class="">
<span class="badge badge-default">Login Page Test.User Should Navigate To LoginPage SuccessFully</span>
</div>
</td>
</tr>
<tr class="tag-test-status" status="pass">
<td><span class="badge log pass-bg">Pass</span></td>
<td>18:26:36 pm</td>
<td>
<a href="#" class="linked" test-id='100' id='101'>Verify User Should Navigate To Register Page Successfully</a>
<div class="">
<span class="badge badge-default">Register Page Test.Verify User Should Navigate To Register Page Successfully</span>
</div>
</td>
</tr>
</tbody>
</table>
</div>
</li>
<li class="test-item">
<div class="test-detail">
<span class="meta">
<span class='badge log pass-bg'>5</span>
<span class='badge log badge-danger'>7</span>
</span>
<p class="name">@Regression</p>
<p class="duration text-sm">12 tests</p>
</div>
<div class="test-contents d-none">
<div class="info">
<h4>@Regression</h4>
<span status="pass" class='badge log pass-bg'>5 passed</span>
<span status="fail" class='badge log badge-danger'>7 failed</span>
</div>
<table class='table table-sm mt-4'>
<thead>
<tr>
<th class="status-col">Status</th>
<th class="timestamp-col">Timestamp</th>
<th>TestName</th>
</tr>
</thead>
<tbody>
<tr class="tag-test-status" status="fail">
<td><span class="badge log fail-bg">Fail</span></td>
<td>18:24:56 pm</td>
<td>
<a href="#" class="linked" test-id='1' id='2'>Verify User Should Navigate To Computer Page Successfully</a>
<div class="">
<span class="badge badge-default">Computer Page Test.Verify User Should Navigate To Computer Page Successfully</span>
</div>
</td>
</tr>
<tr class="tag-test-status" status="fail">
<td><span class="badge log fail-bg">Fail</span></td>
<td>18:25:20 pm</td>
<td>
<a href="#" class="linked" test-id='1' id='9'>Verify User Should Navigate To Desktops Page Successfully</a>
<div class="">
<span class="badge badge-default">Computer Page Test.Verify User Should Navigate To Desktops Page Successfully</span>
</div>
</td>
</tr>
<tr class="tag-test-status" status="fail">
<td><span class="badge log fail-bg">Fail</span></td>
<td>18:25:44 pm</td>
<td>
<a href="#" class="linked" test-id='1' id='18'>Verify That User Should Build YouOwn Computer And Add Them To Cart Successfully</a>
<div class="">
<span class="badge badge-default">Computer Page Test.Verify That User Should Build YouOwn Computer And Add Them To Cart Successfully</span>
</div>
</td>
</tr>
<tr class="tag-test-status" status="fail">
<td><span class="badge log fail-bg">Fail</span></td>
<td>18:26:06 pm</td>
<td>
<a href="#" class="linked" test-id='1' id='32'>Verify That User Should Build YouOwn Computer And Add Them To Cart Successfully</a>
<div class="">
<span class="badge badge-default">Computer Page Test.Verify That User Should Build YouOwn Computer And Add Them To Cart Successfully</span>
</div>
</td>
</tr>
<tr class="tag-test-status" status="fail">
<td><span class="badge log fail-bg">Fail</span></td>
<td>18:26:15 pm</td>
<td>
<a href="#" class="linked" test-id='1' id='46'>Verify That User Should Build YouOwn Computer And Add Them To Cart Successfully</a>
<div class="">
<span class="badge badge-default">Computer Page Test.Verify That User Should Build YouOwn Computer And Add Them To Cart Successfully</span>
</div>
</td>
</tr>
<tr class="tag-test-status" status="pass">
<td><span class="badge log pass-bg">Pass</span></td>
<td>18:26:20 pm</td>
<td>
<a href="#" class="linked" test-id='60' id='61'>User Should Navigate To LoginPage SuccessFully</a>
<div class="">
<span class="badge badge-default">Login Page Test.User Should Navigate To LoginPage SuccessFully</span>
</div>
</td>
</tr>
<tr class="tag-test-status" status="pass">
<td><span class="badge log pass-bg">Pass</span></td>
<td>18:26:23 pm</td>
<td>
<a href="#" class="linked" test-id='60' id='68'>Verify The ErrorMessage With InValid Credentials</a>
<div class="">
<span class="badge badge-default">Login Page Test.Verify The ErrorMessage With InValid Credentials</span>
</div>
</td>
</tr>
<tr class="tag-test-status" status="fail">
<td><span class="badge log fail-bg">Fail</span></td>
<td>18:26:25 pm</td>
<td>
<a href="#" class="linked" test-id='60' id='78'>Verify That User Should Log In SuccessFully With Valid Credentials</a>
<div class="">
<span class="badge badge-default">Login Page Test.Verify That User Should Log In SuccessFully With Valid Credentials</span>
</div>
</td>
</tr>
<tr class="tag-test-status" status="fail">
<td><span class="badge log fail-bg">Fail</span></td>
<td>18:26:31 pm</td>
<td>
<a href="#" class="linked" test-id='60' id='88'>Verify That User Should LogOut SuccessFully</a>
<div class="">
<span class="badge badge-default">Login Page Test.Verify That User Should LogOut SuccessFully</span>
</div>
</td>
</tr>
<tr class="tag-test-status" status="pass">
<td><span class="badge log pass-bg">Pass</span></td>
<td>18:26:36 pm</td>
<td>
<a href="#" class="linked" test-id='100' id='101'>Verify User Should Navigate To Register Page Successfully</a>
<div class="">
<span class="badge badge-default">Register Page Test.Verify User Should Navigate To Register Page Successfully</span>
</div>
</td>
</tr>
<tr class="tag-test-status" status="pass">
<td><span class="badge log pass-bg">Pass</span></td>
<td>18:26:38 pm</td>
<td>
<a href="#" class="linked" test-id='100' id='108'>Verify That FirstName LastName Email Password And ConfirmPassword Fields Are Mandatory</a>
<div class="">
<span class="badge badge-default">Register Page Test.Verify That FirstName LastName Email Password And ConfirmPassword Fields Are Mandatory</span>
</div>
</td>
</tr>
<tr class="tag-test-status" status="pass">
<td><span class="badge log pass-bg">Pass</span></td>
<td>18:26:41 pm</td>
<td>
<a href="#" class="linked" test-id='100' id='120'>Verify That User Should Create Account Successfully</a>
<div class="">
<span class="badge badge-default">Register Page Test.Verify That User Should Create Account Successfully</span>
</div>
</td>
</tr>
</tbody>
</table>
</div>
</li>
</ul>
</div>
</div>
<div class="test-content scrollable">
<div class="test-content-detail">
<div class="detail-body"></div>
</div>
</div>
</div><div class="test-wrapper row view exception-view attributes-view">
<div class="test-list">
<div class="test-list-tools">
<ul class="tools pull-left"><li><a href=""><span class="font-size-14">Exception</span></a></li></ul>
<ul class="tools text-right"><li><a href="#"><span class="badge badge-primary">2</span></a></li></ul>
</div>
<div class="test-list-wrapper scrollable">
<ul class="test-list-item">
<li class="test-item">
<div class="test-detail">
<span class="meta">
<span class='badge log badge-danger'>7</span>
</span>
<p class="name">org.openqa.selenium.NoSuchElementException</p>
<p class="duration text-sm">7 tests</p>
</div>
<div class="test-contents d-none">
<div class="info">
<h4>org.openqa.selenium.NoSuchElementException</h4>
<span status="fail" class='badge log badge-danger'>7 failed</span>
</div>
<table class='table table-sm mt-4'>
<thead>
<tr>
<th class="status-col">Status</th>
<th class="timestamp-col">Timestamp</th>
<th>TestName</th>
</tr>
</thead>
<tbody>
<tr class="tag-test-status" status="fail">
<td><span class="badge log fail-bg">Fail</span></td>
<td>18:25:00 pm</td>
<td>
<a href="#" class="linked" test-id='1' id='7'>And User Verify The Computer text "Computers"</a>
<div class="">
<span class="badge badge-default">Computer Page Test.Verify User Should Navigate To Computer Page Successfully.And User Verify The Computer text "Computers"</span>
</div>
</td>
</tr>
<tr class="tag-test-status" status="fail">
<td><span class="badge log fail-bg">Fail</span></td>
<td>18:25:23 pm</td>
<td>
<a href="#" class="linked" test-id='1' id='13'>And User click on Desktops link</a>
<div class="">
<span class="badge badge-default">Computer Page Test.Verify User Should Navigate To Desktops Page Successfully.And User click on Desktops link</span>
</div>
</td>
</tr>
<tr class="tag-test-status" status="fail">
<td><span class="badge log fail-bg">Fail</span></td>
<td>18:25:46 pm</td>
<td>
<a href="#" class="linked" test-id='1' id='22'>And User click on Desktops link</a>
<div class="">
<span class="badge badge-default">Computer Page Test.Verify That User Should Build YouOwn Computer And Add Them To Cart Successfully.And User click on Desktops link</span>
</div>
</td>
</tr>
<tr class="tag-test-status" status="fail">
<td><span class="badge log fail-bg">Fail</span></td>
<td>18:26:09 pm</td>
<td>
<a href="#" class="linked" test-id='1' id='36'>And User click on Desktops link</a>
<div class="">
<span class="badge badge-default">Computer Page Test.Verify That User Should Build YouOwn Computer And Add Them To Cart Successfully.And User click on Desktops link</span>
</div>
</td>
</tr>
<tr class="tag-test-status" status="fail">
<td><span class="badge log fail-bg">Fail</span></td>
<td>18:26:17 pm</td>
<td>
<a href="#" class="linked" test-id='1' id='50'>And User click on Desktops link</a>
<div class="">
<span class="badge badge-default">Computer Page Test.Verify That User Should Build YouOwn Computer And Add Them To Cart Successfully.And User click on Desktops link</span>
</div>
</td>
</tr>
<tr class="tag-test-status" status="fail">
<td><span class="badge log fail-bg">Fail</span></td>
<td>18:26:29 pm</td>
<td>
<a href="#" class="linked" test-id='60' id='86'>Then User Check that LogOut Link is display</a>
<div class="">
<span class="badge badge-default">Login Page Test.Verify That User Should Log In SuccessFully With Valid Credentials.Then User Check that LogOut Link is display</span>
</div>
</td>
</tr>
<tr class="tag-test-status" status="fail">
<td><span class="badge log fail-bg">Fail</span></td>
<td>18:26:34 pm</td>
<td>
<a href="#" class="linked" test-id='60' id='97'>And User click on LogOut Link</a>
<div class="">
<span class="badge badge-default">Login Page Test.Verify That User Should LogOut SuccessFully.And User click on LogOut Link</span>
</div>
</td>
</tr>
</tbody>
</table>
</div>
</li>
<li class="test-item">
<div class="test-detail">
<span class="meta">
<span class='badge log badge-danger'>4</span>
</span>
<p class="name">org.openqa.selenium.NoSuchWindowException</p>
<p class="duration text-sm">4 tests</p>
</div>
<div class="test-contents d-none">
<div class="info">
<h4>org.openqa.selenium.NoSuchWindowException</h4>
<span status="fail" class='badge log badge-danger'>4 failed</span>
</div>
<table class='table table-sm mt-4'>
<thead>
<tr>
<th class="status-col">Status</th>
<th class="timestamp-col">Timestamp</th>
<th>TestName</th>
</tr>
</thead>
<tbody>
<tr class="tag-test-status" status="fail">
<td><span class="badge log fail-bg">Fail</span></td>
<td>18:26:15 pm</td>
<td>
<a href="#" class="linked" test-id='1' id='45'>com.nopcommerce.demo.steps.Hooks.tearDown(io.cucumber.java.Scenario)</a>
<div class="">
<span class="badge badge-default">Computer Page Test.Verify That User Should Build YouOwn Computer And Add Them To Cart Successfully.com.nopcommerce.demo.steps.Hooks.tearDown(io.cucumber.java.Scenario)</span>
</div>
</td>
</tr>
<tr class="tag-test-status" status="fail">
<td><span class="badge log fail-bg">Fail</span></td>
<td>18:26:20 pm</td>
<td>
<a href="#" class="linked" test-id='1' id='59'>com.nopcommerce.demo.steps.Hooks.tearDown(io.cucumber.java.Scenario)</a>
<div class="">
<span class="badge badge-default">Computer Page Test.Verify That User Should Build YouOwn Computer And Add Them To Cart Successfully.com.nopcommerce.demo.steps.Hooks.tearDown(io.cucumber.java.Scenario)</span>
</div>
</td>
</tr>
<tr class="tag-test-status" status="fail">
<td><span class="badge log fail-bg">Fail</span></td>
<td>18:26:31 pm</td>
<td>
<a href="#" class="linked" test-id='60' id='87'>com.nopcommerce.demo.steps.Hooks.tearDown(io.cucumber.java.Scenario)</a>
<div class="">
<span class="badge badge-default">Login Page Test.Verify That User Should Log In SuccessFully With Valid Credentials.com.nopcommerce.demo.steps.Hooks.tearDown(io.cucumber.java.Scenario)</span>
</div>
</td>
</tr>
<tr class="tag-test-status" status="fail">
<td><span class="badge log fail-bg">Fail</span></td>
<td>18:26:36 pm</td>
<td>
<a href="#" class="linked" test-id='60' id='99'>com.nopcommerce.demo.steps.Hooks.tearDown(io.cucumber.java.Scenario)</a>
<div class="">
<span class="badge badge-default">Login Page Test.Verify That User Should LogOut SuccessFully.com.nopcommerce.demo.steps.Hooks.tearDown(io.cucumber.java.Scenario)</span>
</div>
</td>
</tr>
</tbody>
</table>
</div>
</li>
</ul>
</div>
</div>
<div class="test-content scrollable">
<div class="test-content-detail">
<div class="detail-body"></div>
</div>
</div>
</div>        </div>
      </div>
    </div>
  </div>
<script src="https://cdn.jsdelivr.net/gh/extent-framework/extent-github-cdn@d6562a79075e061305ccfdb82f01e5e195e2d307/spark/js/spark-script.js"></script>
<script type="text/javascript"></script></body>
</html>